info: Microsoft.Hosting.Lifetime[14]
      Now listening on: http://localhost:5015
info: Microsoft.Hosting.Lifetime[14]
      Now listening on: https://localhost:7015
info: Microsoft.Hosting.Lifetime[0]
      Application started. Press Ctrl+C to shut down.
info: Microsoft.Hosting.Lifetime[0]
      Hosting environment: Production
info: Microsoft.Hosting.Lifetime[0]
      Content root path: /Users/admin/Desktop/MobLab/backend/src/Api
info: Program[0]
      Swagger UI: http://localhost:5015/swagger
Swagger UI: http://localhost:5015/swagger
Swagger UI: https://localhost:7015/swagger
info: Program[0]
      Swagger UI: https://localhost:7015/swagger
info: Microsoft.EntityFrameworkCore.Database.Command[20101]
      Executed DbCommand (31ms) [Parameters=[], CommandType='Text', CommandTimeout='30']
      SELECT 1
info: Microsoft.EntityFrameworkCore.Database.Command[20101]
      Executed DbCommand (36ms) [Parameters=[], CommandType='Text', CommandTimeout='30']
      SELECT [p].[ProductID] AS [id], [p].[ModelName] AS [name], [p].[Price] AS [price], [p].[BrandID] AS [brandID], (
          SELECT TOP(1) [i].[ImagePath]
          FROM [ProductVersions] AS [p0]
          LEFT JOIN [Images] AS [i] ON [p0].[ImageID] = [i].[ImageID]
          WHERE [p0].[ProductID] = [p].[ProductID]
          ORDER BY [p0].[VersionID] DESC) AS [imagePath]
      FROM [Products] AS [p]
info: Microsoft.EntityFrameworkCore.Database.Command[20101]
      Executed DbCommand (3ms) [Parameters=[], CommandType='Text', CommandTimeout='30']
      SELECT [p].[ProductID] AS [id], [p].[ModelName] AS [name], [p].[Price] AS [price], [p].[BrandID] AS [brandID], (
          SELECT TOP(1) [i].[ImagePath]
          FROM [ProductVersions] AS [p0]
          LEFT JOIN [Images] AS [i] ON [p0].[ImageID] = [i].[ImageID]
          WHERE [p0].[ProductID] = [p].[ProductID]
          ORDER BY [p0].[VersionID] DESC) AS [imagePath]
      FROM [Products] AS [p]
info: Microsoft.EntityFrameworkCore.Database.Command[20101]
      Executed DbCommand (1ms) [Parameters=[], CommandType='Text', CommandTimeout='30']
      SELECT [p].[ProductID] AS [id], [p].[ModelName] AS [name], [p].[Price] AS [price], [p].[BrandID] AS [brandID], (
          SELECT TOP(1) [i].[ImagePath]
          FROM [ProductVersions] AS [p0]
          LEFT JOIN [Images] AS [i] ON [p0].[ImageID] = [i].[ImageID]
          WHERE [p0].[ProductID] = [p].[ProductID]
          ORDER BY [p0].[VersionID] DESC) AS [imagePath]
      FROM [Products] AS [p]
info: Microsoft.EntityFrameworkCore.Database.Command[20101]
      Executed DbCommand (5ms) [Parameters=[], CommandType='Text', CommandTimeout='30']
      SELECT [b].[BrandID], [b].[BrandName], [b].[ImageID], [b].[Country], [b].[YearFounded], [b].[Description]
      FROM [Brands] AS [b]
info: Microsoft.EntityFrameworkCore.Database.Command[20101]
      Executed DbCommand (2ms) [Parameters=[], CommandType='Text', CommandTimeout='30']
      SELECT [p].[ProductID] AS [id], [p].[ModelName] AS [name], [p].[Price] AS [price], [p].[BrandID] AS [brandID], (
          SELECT TOP(1) [i].[ImagePath]
          FROM [ProductVersions] AS [p0]
          LEFT JOIN [Images] AS [i] ON [p0].[ImageID] = [i].[ImageID]
          WHERE [p0].[ProductID] = [p].[ProductID]
          ORDER BY [p0].[VersionID] DESC) AS [imagePath]
      FROM [Products] AS [p]
info: Microsoft.EntityFrameworkCore.Database.Command[20101]
      Executed DbCommand (2ms) [Parameters=[], CommandType='Text', CommandTimeout='30']
      SELECT [b].[BrandID], [b].[BrandName], [b].[ImageID], [b].[Country], [b].[YearFounded], [b].[Description]
      FROM [Brands] AS [b]
info: Microsoft.EntityFrameworkCore.Database.Command[20101]
      Executed DbCommand (3ms) [Parameters=[], CommandType='Text', CommandTimeout='30']
      SELECT [p].[ProductID] AS [id], [p].[ModelName] AS [name], [p].[Price] AS [price], [p].[BrandID] AS [brandID], (
          SELECT TOP(1) [i].[ImagePath]
          FROM [ProductVersions] AS [p0]
          LEFT JOIN [Images] AS [i] ON [p0].[ImageID] = [i].[ImageID]
          WHERE [p0].[ProductID] = [p].[ProductID]
          ORDER BY [p0].[VersionID] DESC) AS [imagePath]
      FROM [Products] AS [p]
info: Microsoft.EntityFrameworkCore.Database.Command[20101]
      Executed DbCommand (2ms) [Parameters=[], CommandType='Text', CommandTimeout='30']
      SELECT [b].[BrandID], [b].[BrandName], [b].[ImageID], [b].[Country], [b].[YearFounded], [b].[Description]
      FROM [Brands] AS [b]
info: Microsoft.EntityFrameworkCore.Database.Command[20101]
      Executed DbCommand (2ms) [Parameters=[], CommandType='Text', CommandTimeout='30']
      SELECT [p].[ProductID] AS [id], [p].[ModelName] AS [name], [p].[Price] AS [price], [p].[BrandID] AS [brandID], (
          SELECT TOP(1) [i].[ImagePath]
          FROM [ProductVersions] AS [p0]
          LEFT JOIN [Images] AS [i] ON [p0].[ImageID] = [i].[ImageID]
          WHERE [p0].[ProductID] = [p].[ProductID]
          ORDER BY [p0].[VersionID] DESC) AS [imagePath]
      FROM [Products] AS [p]
info: Microsoft.EntityFrameworkCore.Database.Command[20101]
      Executed DbCommand (2ms) [Parameters=[], CommandType='Text', CommandTimeout='30']
      SELECT [b].[BrandID], [b].[BrandName], [b].[ImageID], [b].[Country], [b].[YearFounded], [b].[Description]
      FROM [Brands] AS [b]
info: Microsoft.EntityFrameworkCore.Database.Command[20101]
      Executed DbCommand (2ms) [Parameters=[], CommandType='Text', CommandTimeout='30']
      SELECT [p].[ProductID] AS [id], [p].[ModelName] AS [name], [p].[Price] AS [price], [p].[BrandID] AS [brandID], (
          SELECT TOP(1) [i].[ImagePath]
          FROM [ProductVersions] AS [p0]
          LEFT JOIN [Images] AS [i] ON [p0].[ImageID] = [i].[ImageID]
          WHERE [p0].[ProductID] = [p].[ProductID]
          ORDER BY [p0].[VersionID] DESC) AS [imagePath]
      FROM [Products] AS [p]
info: Microsoft.EntityFrameworkCore.Database.Command[20101]
      Executed DbCommand (2ms) [Parameters=[], CommandType='Text', CommandTimeout='30']
      SELECT [b].[BrandID], [b].[BrandName], [b].[ImageID], [b].[Country], [b].[YearFounded], [b].[Description]
      FROM [Brands] AS [b]
info: Microsoft.EntityFrameworkCore.Database.Command[20101]
      Executed DbCommand (9ms) [Parameters=[], CommandType='Text', CommandTimeout='30']
      SELECT [b].[BrandID], [b].[BrandName], [b].[ImageID], [b].[Country], [b].[YearFounded], [b].[Description]
      FROM [Brands] AS [b]
info: Microsoft.EntityFrameworkCore.Database.Command[20101]
      Executed DbCommand (9ms) [Parameters=[], CommandType='Text', CommandTimeout='30']
      SELECT [b].[BrandID], [b].[BrandName], [b].[ImageID], [b].[Country], [b].[YearFounded], [b].[Description]
      FROM [Brands] AS [b]
info: Microsoft.EntityFrameworkCore.Database.Command[20101]
      Executed DbCommand (3ms) [Parameters=[], CommandType='Text', CommandTimeout='30']
      SELECT [p].[ProductID] AS [id], [p].[ModelName] AS [name], [p].[Price] AS [price], [p].[BrandID] AS [brandID], (
          SELECT TOP(1) [i].[ImagePath]
          FROM [ProductVersions] AS [p0]
          LEFT JOIN [Images] AS [i] ON [p0].[ImageID] = [i].[ImageID]
          WHERE [p0].[ProductID] = [p].[ProductID]
          ORDER BY [p0].[VersionID] DESC) AS [imagePath]
      FROM [Products] AS [p]
info: Microsoft.EntityFrameworkCore.Database.Command[20101]
      Executed DbCommand (3ms) [Parameters=[], CommandType='Text', CommandTimeout='30']
      SELECT [p].[ProductID] AS [id], [p].[ModelName] AS [name], [p].[Price] AS [price], [p].[BrandID] AS [brandID], (
          SELECT TOP(1) [i].[ImagePath]
          FROM [ProductVersions] AS [p0]
          LEFT JOIN [Images] AS [i] ON [p0].[ImageID] = [i].[ImageID]
          WHERE [p0].[ProductID] = [p].[ProductID]
          ORDER BY [p0].[VersionID] DESC) AS [imagePath]
      FROM [Products] AS [p]
info: Microsoft.EntityFrameworkCore.Database.Command[20101]
      Executed DbCommand (2ms) [Parameters=[], CommandType='Text', CommandTimeout='30']
      SELECT [p].[ProductID] AS [id], [p].[ModelName] AS [name], [p].[Price] AS [price], [p].[BrandID] AS [brandID], (
          SELECT TOP(1) [i].[ImagePath]
          FROM [ProductVersions] AS [p0]
          LEFT JOIN [Images] AS [i] ON [p0].[ImageID] = [i].[ImageID]
          WHERE [p0].[ProductID] = [p].[ProductID]
          ORDER BY [p0].[VersionID] DESC) AS [imagePath]
      FROM [Products] AS [p]
info: Microsoft.EntityFrameworkCore.Database.Command[20101]
      Executed DbCommand (2ms) [Parameters=[], CommandType='Text', CommandTimeout='30']
      SELECT [b].[BrandID], [b].[BrandName], [b].[ImageID], [b].[Country], [b].[YearFounded], [b].[Description]
      FROM [Brands] AS [b]
info: Microsoft.EntityFrameworkCore.Database.Command[20101]
      Executed DbCommand (2ms) [Parameters=[], CommandType='Text', CommandTimeout='30']
      SELECT [p].[ProductID] AS [id], [p].[ModelName] AS [name], [p].[Price] AS [price], [p].[BrandID] AS [brandID], (
          SELECT TOP(1) [i].[ImagePath]
          FROM [ProductVersions] AS [p0]
          LEFT JOIN [Images] AS [i] ON [p0].[ImageID] = [i].[ImageID]
          WHERE [p0].[ProductID] = [p].[ProductID]
          ORDER BY [p0].[VersionID] DESC) AS [imagePath]
      FROM [Products] AS [p]
info: Microsoft.EntityFrameworkCore.Database.Command[20101]
      Executed DbCommand (1ms) [Parameters=[], CommandType='Text', CommandTimeout='30']
      SELECT [b].[BrandID], [b].[BrandName], [b].[ImageID], [b].[Country], [b].[YearFounded], [b].[Description]
      FROM [Brands] AS [b]
info: Microsoft.EntityFrameworkCore.Database.Command[20101]
      Executed DbCommand (2ms) [Parameters=[], CommandType='Text', CommandTimeout='30']
      SELECT [p].[ProductID] AS [id], [p].[ModelName] AS [name], [p].[Price] AS [price], [p].[BrandID] AS [brandID], (
          SELECT TOP(1) [i].[ImagePath]
          FROM [ProductVersions] AS [p0]
          LEFT JOIN [Images] AS [i] ON [p0].[ImageID] = [i].[ImageID]
          WHERE [p0].[ProductID] = [p].[ProductID]
          ORDER BY [p0].[VersionID] DESC) AS [imagePath]
      FROM [Products] AS [p]
info: Microsoft.EntityFrameworkCore.Database.Command[20101]
      Executed DbCommand (1ms) [Parameters=[], CommandType='Text', CommandTimeout='30']
      SELECT [p].[ProductID] AS [id], [p].[ModelName] AS [name], [p].[Price] AS [price], [p].[BrandID] AS [brandID], (
          SELECT TOP(1) [i].[ImagePath]
          FROM [ProductVersions] AS [p0]
          LEFT JOIN [Images] AS [i] ON [p0].[ImageID] = [i].[ImageID]
          WHERE [p0].[ProductID] = [p].[ProductID]
          ORDER BY [p0].[VersionID] DESC) AS [imagePath]
      FROM [Products] AS [p]
info: Microsoft.EntityFrameworkCore.Database.Command[20101]
      Executed DbCommand (2ms) [Parameters=[], CommandType='Text', CommandTimeout='30']
      SELECT [b].[BrandID], [b].[BrandName], [b].[ImageID], [b].[Country], [b].[YearFounded], [b].[Description]
      FROM [Brands] AS [b]
info: Microsoft.EntityFrameworkCore.Database.Command[20101]
      Executed DbCommand (2ms) [Parameters=[], CommandType='Text', CommandTimeout='30']
      SELECT [p].[ProductID] AS [id], [p].[ModelName] AS [name], [p].[Price] AS [price], [p].[BrandID] AS [brandID], (
          SELECT TOP(1) [i].[ImagePath]
          FROM [ProductVersions] AS [p0]
          LEFT JOIN [Images] AS [i] ON [p0].[ImageID] = [i].[ImageID]
          WHERE [p0].[ProductID] = [p].[ProductID]
          ORDER BY [p0].[VersionID] DESC) AS [imagePath]
      FROM [Products] AS [p]
info: Microsoft.EntityFrameworkCore.Database.Command[20101]
      Executed DbCommand (1ms) [Parameters=[], CommandType='Text', CommandTimeout='30']
      SELECT [b].[BrandID], [b].[BrandName], [b].[ImageID], [b].[Country], [b].[YearFounded], [b].[Description]
      FROM [Brands] AS [b]
info: Microsoft.EntityFrameworkCore.Database.Command[20101]
      Executed DbCommand (2ms) [Parameters=[], CommandType='Text', CommandTimeout='30']
      SELECT [b].[BrandID], [b].[BrandName], [b].[ImageID], [b].[Country], [b].[YearFounded], [b].[Description]
      FROM [Brands] AS [b]
info: Microsoft.EntityFrameworkCore.Database.Command[20101]
      Executed DbCommand (2ms) [Parameters=[], CommandType='Text', CommandTimeout='30']
      SELECT [p].[ProductID] AS [id], [p].[ModelName] AS [name], [p].[Price] AS [price], [p].[BrandID] AS [brandID], (
          SELECT TOP(1) [i].[ImagePath]
          FROM [ProductVersions] AS [p0]
          LEFT JOIN [Images] AS [i] ON [p0].[ImageID] = [i].[ImageID]
          WHERE [p0].[ProductID] = [p].[ProductID]
          ORDER BY [p0].[VersionID] DESC) AS [imagePath]
      FROM [Products] AS [p]
info: Microsoft.EntityFrameworkCore.Database.Command[20101]
      Executed DbCommand (1ms) [Parameters=[], CommandType='Text', CommandTimeout='30']
      SELECT [b].[BrandID], [b].[BrandName], [b].[ImageID], [b].[Country], [b].[YearFounded], [b].[Description]
      FROM [Brands] AS [b]
info: Microsoft.EntityFrameworkCore.Database.Command[20101]
      Executed DbCommand (2ms) [Parameters=[], CommandType='Text', CommandTimeout='30']
      SELECT [p].[ProductID] AS [id], [p].[ModelName] AS [name], [p].[Price] AS [price], [p].[BrandID] AS [brandID], (
          SELECT TOP(1) [i].[ImagePath]
          FROM [ProductVersions] AS [p0]
          LEFT JOIN [Images] AS [i] ON [p0].[ImageID] = [i].[ImageID]
          WHERE [p0].[ProductID] = [p].[ProductID]
          ORDER BY [p0].[VersionID] DESC) AS [imagePath]
      FROM [Products] AS [p]
info: Microsoft.EntityFrameworkCore.Database.Command[20101]
      Executed DbCommand (2ms) [Parameters=[], CommandType='Text', CommandTimeout='30']
      SELECT [b].[BrandID], [b].[BrandName], [b].[ImageID], [b].[Country], [b].[YearFounded], [b].[Description]
      FROM [Brands] AS [b]
info: Microsoft.EntityFrameworkCore.Database.Command[20101]
      Executed DbCommand (2ms) [Parameters=[], CommandType='Text', CommandTimeout='30']
      SELECT [p].[ProductID] AS [id], [p].[ModelName] AS [name], [p].[Price] AS [price], [p].[BrandID] AS [brandID], (
          SELECT TOP(1) [i].[ImagePath]
          FROM [ProductVersions] AS [p0]
          LEFT JOIN [Images] AS [i] ON [p0].[ImageID] = [i].[ImageID]
          WHERE [p0].[ProductID] = [p].[ProductID]
          ORDER BY [p0].[VersionID] DESC) AS [imagePath]
      FROM [Products] AS [p]
info: Microsoft.EntityFrameworkCore.Database.Command[20101]
      Executed DbCommand (2ms) [Parameters=[], CommandType='Text', CommandTimeout='30']
      SELECT [b].[BrandID], [b].[BrandName], [b].[ImageID], [b].[Country], [b].[YearFounded], [b].[Description]
      FROM [Brands] AS [b]
info: Microsoft.EntityFrameworkCore.Database.Command[20101]
      Executed DbCommand (13ms) [Parameters=[@__id_0='?' (DbType = Int32)], CommandType='Text', CommandTimeout='30']
      SELECT TOP(1) [p].[ProductID], [p].[BrandID], [p].[ModelName], [p].[Price]
      FROM [Products] AS [p]
      WHERE [p].[ProductID] = @__id_0
info: Microsoft.EntityFrameworkCore.Database.Command[20101]
      Executed DbCommand (4ms) [Parameters=[@p0='?' (Size = 100)], CommandType='Text', CommandTimeout='30']
      SET IMPLICIT_TRANSACTIONS OFF;
      SET NOCOUNT ON;
      INSERT INTO [Images] ([ImagePath])
      OUTPUT INSERTED.[ImageID]
      VALUES (@p0);
info: Microsoft.EntityFrameworkCore.Database.Command[20101]
      Executed DbCommand (4ms) [Parameters=[@p0='?' (Size = 50), @p1='?' (DbType = Int32), @p2='?' (DbType = Int32), @p3='?' (Size = 50)], CommandType='Text', CommandTimeout='30']
      SET IMPLICIT_TRANSACTIONS OFF;
      SET NOCOUNT ON;
      INSERT INTO [ProductVersions] ([Color], [ImageID], [ProductID], [Storage])
      OUTPUT INSERTED.[VersionID]
      VALUES (@p0, @p1, @p2, @p3);
info: Microsoft.EntityFrameworkCore.Database.Command[20101]
      Executed DbCommand (2ms) [Parameters=[], CommandType='Text', CommandTimeout='30']
      SELECT [p].[ProductID] AS [id], [p].[ModelName] AS [name], [p].[Price] AS [price], [p].[BrandID] AS [brandID], (
          SELECT TOP(1) [i].[ImagePath]
          FROM [ProductVersions] AS [p0]
          LEFT JOIN [Images] AS [i] ON [p0].[ImageID] = [i].[ImageID]
          WHERE [p0].[ProductID] = [p].[ProductID]
          ORDER BY [p0].[VersionID] DESC) AS [imagePath]
      FROM [Products] AS [p]
info: Microsoft.EntityFrameworkCore.Database.Command[20101]
      Executed DbCommand (1ms) [Parameters=[], CommandType='Text', CommandTimeout='30']
      SELECT [p].[ProductID] AS [id], [p].[ModelName] AS [name], [p].[Price] AS [price], [p].[BrandID] AS [brandID], (
          SELECT TOP(1) [i].[ImagePath]
          FROM [ProductVersions] AS [p0]
          LEFT JOIN [Images] AS [i] ON [p0].[ImageID] = [i].[ImageID]
          WHERE [p0].[ProductID] = [p].[ProductID]
          ORDER BY [p0].[VersionID] DESC) AS [imagePath]
      FROM [Products] AS [p]
info: Microsoft.EntityFrameworkCore.Database.Command[20101]
      Executed DbCommand (1ms) [Parameters=[], CommandType='Text', CommandTimeout='30']
      SELECT [b].[BrandID], [b].[BrandName], [b].[ImageID], [b].[Country], [b].[YearFounded], [b].[Description]
      FROM [Brands] AS [b]
info: Microsoft.EntityFrameworkCore.Database.Command[20101]
      Executed DbCommand (2ms) [Parameters=[], CommandType='Text', CommandTimeout='30']
      SELECT [b].[BrandID], [b].[BrandName], [b].[ImageID], [b].[Country], [b].[YearFounded], [b].[Description]
      FROM [Brands] AS [b]
info: Microsoft.EntityFrameworkCore.Database.Command[20101]
      Executed DbCommand (1ms) [Parameters=[], CommandType='Text', CommandTimeout='30']
      SELECT [p].[ProductID] AS [id], [p].[ModelName] AS [name], [p].[Price] AS [price], [p].[BrandID] AS [brandID], (
          SELECT TOP(1) [i].[ImagePath]
          FROM [ProductVersions] AS [p0]
          LEFT JOIN [Images] AS [i] ON [p0].[ImageID] = [i].[ImageID]
          WHERE [p0].[ProductID] = [p].[ProductID]
          ORDER BY [p0].[VersionID] DESC) AS [imagePath]
      FROM [Products] AS [p]
info: Microsoft.EntityFrameworkCore.Database.Command[20101]
      Executed DbCommand (2ms) [Parameters=[], CommandType='Text', CommandTimeout='30']
      SELECT [b].[BrandID], [b].[BrandName], [b].[ImageID], [b].[Country], [b].[YearFounded], [b].[Description]
      FROM [Brands] AS [b]
info: Microsoft.EntityFrameworkCore.Database.Command[20101]
      Executed DbCommand (2ms) [Parameters=[], CommandType='Text', CommandTimeout='30']
      SELECT [p].[ProductID] AS [id], [p].[ModelName] AS [name], [p].[Price] AS [price], [p].[BrandID] AS [brandID], (
          SELECT TOP(1) [i].[ImagePath]
          FROM [ProductVersions] AS [p0]
          LEFT JOIN [Images] AS [i] ON [p0].[ImageID] = [i].[ImageID]
          WHERE [p0].[ProductID] = [p].[ProductID]
          ORDER BY [p0].[VersionID] DESC) AS [imagePath]
      FROM [Products] AS [p]
info: Microsoft.EntityFrameworkCore.Database.Command[20101]
      Executed DbCommand (2ms) [Parameters=[], CommandType='Text', CommandTimeout='30']
      SELECT [p].[ProductID] AS [id], [p].[ModelName] AS [name], [p].[Price] AS [price], [p].[BrandID] AS [brandID], (
          SELECT TOP(1) [i].[ImagePath]
          FROM [ProductVersions] AS [p0]
          LEFT JOIN [Images] AS [i] ON [p0].[ImageID] = [i].[ImageID]
          WHERE [p0].[ProductID] = [p].[ProductID]
          ORDER BY [p0].[VersionID] DESC) AS [imagePath]
      FROM [Products] AS [p]
info: Microsoft.EntityFrameworkCore.Database.Command[20101]
      Executed DbCommand (1ms) [Parameters=[], CommandType='Text', CommandTimeout='30']
      SELECT [b].[BrandID], [b].[BrandName], [b].[ImageID], [b].[Country], [b].[YearFounded], [b].[Description]
      FROM [Brands] AS [b]
info: Microsoft.EntityFrameworkCore.Database.Command[20101]
      Executed DbCommand (1ms) [Parameters=[@__id_0='?' (DbType = Int32)], CommandType='Text', CommandTimeout='30']
      SELECT TOP(1) [p].[ProductID], [p].[BrandID], [p].[ModelName], [p].[Price]
      FROM [Products] AS [p]
      WHERE [p].[ProductID] = @__id_0
info: Microsoft.EntityFrameworkCore.Database.Command[20101]
      Executed DbCommand (3ms) [Parameters=[@p0='?' (Size = 100)], CommandType='Text', CommandTimeout='30']
      SET IMPLICIT_TRANSACTIONS OFF;
      SET NOCOUNT ON;
      INSERT INTO [Images] ([ImagePath])
      OUTPUT INSERTED.[ImageID]
      VALUES (@p0);
info: Microsoft.EntityFrameworkCore.Database.Command[20101]
      Executed DbCommand (2ms) [Parameters=[@p0='?' (Size = 50), @p1='?' (DbType = Int32), @p2='?' (DbType = Int32), @p3='?' (Size = 50)], CommandType='Text', CommandTimeout='30']
      SET IMPLICIT_TRANSACTIONS OFF;
      SET NOCOUNT ON;
      INSERT INTO [ProductVersions] ([Color], [ImageID], [ProductID], [Storage])
      OUTPUT INSERTED.[VersionID]
      VALUES (@p0, @p1, @p2, @p3);
info: Microsoft.EntityFrameworkCore.Database.Command[20101]
      Executed DbCommand (2ms) [Parameters=[], CommandType='Text', CommandTimeout='30']
      SELECT [p].[ProductID] AS [id], [p].[ModelName] AS [name], [p].[Price] AS [price], [p].[BrandID] AS [brandID], (
          SELECT TOP(1) [i].[ImagePath]
          FROM [ProductVersions] AS [p0]
          LEFT JOIN [Images] AS [i] ON [p0].[ImageID] = [i].[ImageID]
          WHERE [p0].[ProductID] = [p].[ProductID]
          ORDER BY [p0].[VersionID] DESC) AS [imagePath]
      FROM [Products] AS [p]
info: Microsoft.EntityFrameworkCore.Database.Command[20101]
      Executed DbCommand (2ms) [Parameters=[], CommandType='Text', CommandTimeout='30']
      SELECT [p].[ProductID] AS [id], [p].[ModelName] AS [name], [p].[Price] AS [price], [p].[BrandID] AS [brandID], (
          SELECT TOP(1) [i].[ImagePath]
          FROM [ProductVersions] AS [p0]
          LEFT JOIN [Images] AS [i] ON [p0].[ImageID] = [i].[ImageID]
          WHERE [p0].[ProductID] = [p].[ProductID]
          ORDER BY [p0].[VersionID] DESC) AS [imagePath]
      FROM [Products] AS [p]
info: Microsoft.EntityFrameworkCore.Database.Command[20101]
      Executed DbCommand (2ms) [Parameters=[], CommandType='Text', CommandTimeout='30']
      SELECT [b].[BrandID], [b].[BrandName], [b].[ImageID], [b].[Country], [b].[YearFounded], [b].[Description]
      FROM [Brands] AS [b]
info: Microsoft.EntityFrameworkCore.Database.Command[20101]
      Executed DbCommand (1ms) [Parameters=[@__id_0='?' (DbType = Int32)], CommandType='Text', CommandTimeout='30']
      SELECT TOP(1) [p].[ProductID], [p].[BrandID], [p].[ModelName], [p].[Price]
      FROM [Products] AS [p]
      WHERE [p].[ProductID] = @__id_0
info: Microsoft.EntityFrameworkCore.Database.Command[20101]
      Executed DbCommand (2ms) [Parameters=[@p0='?' (Size = 100)], CommandType='Text', CommandTimeout='30']
      SET IMPLICIT_TRANSACTIONS OFF;
      SET NOCOUNT ON;
      INSERT INTO [Images] ([ImagePath])
      OUTPUT INSERTED.[ImageID]
      VALUES (@p0);
info: Microsoft.EntityFrameworkCore.Database.Command[20101]
      Executed DbCommand (2ms) [Parameters=[@p0='?' (Size = 50), @p1='?' (DbType = Int32), @p2='?' (DbType = Int32), @p3='?' (Size = 50)], CommandType='Text', CommandTimeout='30']
      SET IMPLICIT_TRANSACTIONS OFF;
      SET NOCOUNT ON;
      INSERT INTO [ProductVersions] ([Color], [ImageID], [ProductID], [Storage])
      OUTPUT INSERTED.[VersionID]
      VALUES (@p0, @p1, @p2, @p3);
info: Microsoft.EntityFrameworkCore.Database.Command[20101]
      Executed DbCommand (1ms) [Parameters=[@__id_0='?' (DbType = Int32)], CommandType='Text', CommandTimeout='30']
      SELECT TOP(1) [p].[ProductID], [p].[BrandID], [p].[ModelName], [p].[Price]
      FROM [Products] AS [p]
      WHERE [p].[ProductID] = @__id_0
info: Microsoft.EntityFrameworkCore.Database.Command[20101]
      Executed DbCommand (3ms) [Parameters=[@p0='?' (Size = 100)], CommandType='Text', CommandTimeout='30']
      SET IMPLICIT_TRANSACTIONS OFF;
      SET NOCOUNT ON;
      INSERT INTO [Images] ([ImagePath])
      OUTPUT INSERTED.[ImageID]
      VALUES (@p0);
info: Microsoft.EntityFrameworkCore.Database.Command[20101]
      Executed DbCommand (2ms) [Parameters=[@p0='?' (Size = 50), @p1='?' (DbType = Int32), @p2='?' (DbType = Int32), @p3='?' (Size = 50)], CommandType='Text', CommandTimeout='30']
      SET IMPLICIT_TRANSACTIONS OFF;
      SET NOCOUNT ON;
      INSERT INTO [ProductVersions] ([Color], [ImageID], [ProductID], [Storage])
      OUTPUT INSERTED.[VersionID]
      VALUES (@p0, @p1, @p2, @p3);
info: Microsoft.EntityFrameworkCore.Database.Command[20101]
      Executed DbCommand (2ms) [Parameters=[], CommandType='Text', CommandTimeout='30']
      SELECT [p].[ProductID] AS [id], [p].[ModelName] AS [name], [p].[Price] AS [price], [p].[BrandID] AS [brandID], (
          SELECT TOP(1) [i].[ImagePath]
          FROM [ProductVersions] AS [p0]
          LEFT JOIN [Images] AS [i] ON [p0].[ImageID] = [i].[ImageID]
          WHERE [p0].[ProductID] = [p].[ProductID]
          ORDER BY [p0].[VersionID] DESC) AS [imagePath]
      FROM [Products] AS [p]
info: Microsoft.EntityFrameworkCore.Database.Command[20101]
      Executed DbCommand (2ms) [Parameters=[], CommandType='Text', CommandTimeout='30']
      SELECT [p].[ProductID] AS [id], [p].[ModelName] AS [name], [p].[Price] AS [price], [p].[BrandID] AS [brandID], (
          SELECT TOP(1) [i].[ImagePath]
          FROM [ProductVersions] AS [p0]
          LEFT JOIN [Images] AS [i] ON [p0].[ImageID] = [i].[ImageID]
          WHERE [p0].[ProductID] = [p].[ProductID]
          ORDER BY [p0].[VersionID] DESC) AS [imagePath]
      FROM [Products] AS [p]
info: Microsoft.EntityFrameworkCore.Database.Command[20101]
      Executed DbCommand (1ms) [Parameters=[], CommandType='Text', CommandTimeout='30']
      SELECT [b].[BrandID], [b].[BrandName], [b].[ImageID], [b].[Country], [b].[YearFounded], [b].[Description]
      FROM [Brands] AS [b]
info: Microsoft.EntityFrameworkCore.Database.Command[20101]
      Executed DbCommand (1ms) [Parameters=[@__id_0='?' (DbType = Int32)], CommandType='Text', CommandTimeout='30']
      SELECT TOP(1) [p].[ProductID], [p].[BrandID], [p].[ModelName], [p].[Price]
      FROM [Products] AS [p]
      WHERE [p].[ProductID] = @__id_0
info: Microsoft.EntityFrameworkCore.Database.Command[20101]
      Executed DbCommand (2ms) [Parameters=[@p0='?' (Size = 100)], CommandType='Text', CommandTimeout='30']
      SET IMPLICIT_TRANSACTIONS OFF;
      SET NOCOUNT ON;
      INSERT INTO [Images] ([ImagePath])
      OUTPUT INSERTED.[ImageID]
      VALUES (@p0);
info: Microsoft.EntityFrameworkCore.Database.Command[20101]
      Executed DbCommand (2ms) [Parameters=[@p0='?' (Size = 50), @p1='?' (DbType = Int32), @p2='?' (DbType = Int32), @p3='?' (Size = 50)], CommandType='Text', CommandTimeout='30']
      SET IMPLICIT_TRANSACTIONS OFF;
      SET NOCOUNT ON;
      INSERT INTO [ProductVersions] ([Color], [ImageID], [ProductID], [Storage])
      OUTPUT INSERTED.[VersionID]
      VALUES (@p0, @p1, @p2, @p3);
info: Microsoft.EntityFrameworkCore.Database.Command[20101]
      Executed DbCommand (2ms) [Parameters=[], CommandType='Text', CommandTimeout='30']
      SELECT [p].[ProductID] AS [id], [p].[ModelName] AS [name], [p].[Price] AS [price], [p].[BrandID] AS [brandID], (
          SELECT TOP(1) [i].[ImagePath]
          FROM [ProductVersions] AS [p0]
          LEFT JOIN [Images] AS [i] ON [p0].[ImageID] = [i].[ImageID]
          WHERE [p0].[ProductID] = [p].[ProductID]
          ORDER BY [p0].[VersionID] DESC) AS [imagePath]
      FROM [Products] AS [p]
info: Microsoft.EntityFrameworkCore.Database.Command[20101]
      Executed DbCommand (2ms) [Parameters=[], CommandType='Text', CommandTimeout='30']
      SELECT [p].[ProductID] AS [id], [p].[ModelName] AS [name], [p].[Price] AS [price], [p].[BrandID] AS [brandID], (
          SELECT TOP(1) [i].[ImagePath]
          FROM [ProductVersions] AS [p0]
          LEFT JOIN [Images] AS [i] ON [p0].[ImageID] = [i].[ImageID]
          WHERE [p0].[ProductID] = [p].[ProductID]
          ORDER BY [p0].[VersionID] DESC) AS [imagePath]
      FROM [Products] AS [p]
info: Microsoft.EntityFrameworkCore.Database.Command[20101]
      Executed DbCommand (2ms) [Parameters=[], CommandType='Text', CommandTimeout='30']
      SELECT [b].[BrandID], [b].[BrandName], [b].[ImageID], [b].[Country], [b].[YearFounded], [b].[Description]
      FROM [Brands] AS [b]
info: Microsoft.EntityFrameworkCore.Database.Command[20101]
      Executed DbCommand (2ms) [Parameters=[], CommandType='Text', CommandTimeout='30']
      SELECT [p].[ProductID] AS [id], [p].[ModelName] AS [name], [p].[Price] AS [price], [p].[BrandID] AS [brandID], (
          SELECT TOP(1) [i].[ImagePath]
          FROM [ProductVersions] AS [p0]
          LEFT JOIN [Images] AS [i] ON [p0].[ImageID] = [i].[ImageID]
          WHERE [p0].[ProductID] = [p].[ProductID]
          ORDER BY [p0].[VersionID] DESC) AS [imagePath]
      FROM [Products] AS [p]
info: Microsoft.EntityFrameworkCore.Database.Command[20101]
      Executed DbCommand (1ms) [Parameters=[], CommandType='Text', CommandTimeout='30']
      SELECT [b].[BrandID], [b].[BrandName], [b].[ImageID], [b].[Country], [b].[YearFounded], [b].[Description]
      FROM [Brands] AS [b]
info: Microsoft.EntityFrameworkCore.Database.Command[20101]
      Executed DbCommand (3ms) [Parameters=[], CommandType='Text', CommandTimeout='30']
      SELECT [p].[ProductID] AS [id], [p].[ModelName] AS [name], [p].[Price] AS [price], [p].[BrandID] AS [brandID], (
          SELECT TOP(1) [i].[ImagePath]
          FROM [ProductVersions] AS [p0]
          LEFT JOIN [Images] AS [i] ON [p0].[ImageID] = [i].[ImageID]
          WHERE [p0].[ProductID] = [p].[ProductID]
          ORDER BY [p0].[VersionID] DESC) AS [imagePath]
      FROM [Products] AS [p]
info: Microsoft.EntityFrameworkCore.Database.Command[20101]
      Executed DbCommand (3ms) [Parameters=[], CommandType='Text', CommandTimeout='30']
      SELECT [p].[ProductID] AS [id], [p].[ModelName] AS [name], [p].[Price] AS [price], [p].[BrandID] AS [brandID], (
          SELECT TOP(1) [i].[ImagePath]
          FROM [ProductVersions] AS [p0]
          LEFT JOIN [Images] AS [i] ON [p0].[ImageID] = [i].[ImageID]
          WHERE [p0].[ProductID] = [p].[ProductID]
          ORDER BY [p0].[VersionID] DESC) AS [imagePath]
      FROM [Products] AS [p]
info: Microsoft.EntityFrameworkCore.Database.Command[20101]
      Executed DbCommand (2ms) [Parameters=[], CommandType='Text', CommandTimeout='30']
      SELECT [p].[ProductID] AS [id], [p].[ModelName] AS [name], [p].[Price] AS [price], [p].[BrandID] AS [brandID], (
          SELECT TOP(1) [i].[ImagePath]
          FROM [ProductVersions] AS [p0]
          LEFT JOIN [Images] AS [i] ON [p0].[ImageID] = [i].[ImageID]
          WHERE [p0].[ProductID] = [p].[ProductID]
          ORDER BY [p0].[VersionID] DESC) AS [imagePath]
      FROM [Products] AS [p]
info: Microsoft.EntityFrameworkCore.Database.Command[20101]
      Executed DbCommand (7ms) [Parameters=[], CommandType='Text', CommandTimeout='30']
      SELECT [p].[ProductID] AS [id], [p].[ModelName] AS [name], [p].[Price] AS [price], [p].[BrandID] AS [brandID], (
          SELECT TOP(1) [i].[ImagePath]
          FROM [ProductVersions] AS [p0]
          LEFT JOIN [Images] AS [i] ON [p0].[ImageID] = [i].[ImageID]
          WHERE [p0].[ProductID] = [p].[ProductID]
          ORDER BY [p0].[VersionID] DESC) AS [imagePath]
      FROM [Products] AS [p]
info: Microsoft.EntityFrameworkCore.Database.Command[20101]
      Executed DbCommand (3ms) [Parameters=[], CommandType='Text', CommandTimeout='30']
      SELECT [p].[ProductID] AS [id], [p].[ModelName] AS [name], [p].[Price] AS [price], [p].[BrandID] AS [brandID], (
          SELECT TOP(1) [i].[ImagePath]
          FROM [ProductVersions] AS [p0]
          LEFT JOIN [Images] AS [i] ON [p0].[ImageID] = [i].[ImageID]
          WHERE [p0].[ProductID] = [p].[ProductID]
          ORDER BY [p0].[VersionID] DESC) AS [imagePath]
      FROM [Products] AS [p]
info: Microsoft.EntityFrameworkCore.Database.Command[20101]
      Executed DbCommand (2ms) [Parameters=[], CommandType='Text', CommandTimeout='30']
      SELECT [p].[ProductID] AS [id], [p].[ModelName] AS [name], [p].[Price] AS [price], [p].[BrandID] AS [brandID], (
          SELECT TOP(1) [i].[ImagePath]
          FROM [ProductVersions] AS [p0]
          LEFT JOIN [Images] AS [i] ON [p0].[ImageID] = [i].[ImageID]
          WHERE [p0].[ProductID] = [p].[ProductID]
          ORDER BY [p0].[VersionID] DESC) AS [imagePath]
      FROM [Products] AS [p]
info: Microsoft.EntityFrameworkCore.Database.Command[20101]
      Executed DbCommand (2ms) [Parameters=[], CommandType='Text', CommandTimeout='30']
      SELECT [p].[ProductID] AS [id], [p].[ModelName] AS [name], [p].[Price] AS [price], [p].[BrandID] AS [brandID], (
          SELECT TOP(1) [i].[ImagePath]
          FROM [ProductVersions] AS [p0]
          LEFT JOIN [Images] AS [i] ON [p0].[ImageID] = [i].[ImageID]
          WHERE [p0].[ProductID] = [p].[ProductID]
          ORDER BY [p0].[VersionID] DESC) AS [imagePath]
      FROM [Products] AS [p]
info: Microsoft.Hosting.Lifetime[0]
      Application is shutting down...
